[2019-07-23 22:39:34.563701] INFO: jiekou: 当前模块 requests封装
[2019-07-23 22:39:34.564659] INFO: jiekou: 全部args参数参数信息 , ()
[2019-07-23 22:39:34.564965] INFO: jiekou: 全部kwargs参数信息 , {}
[2019-07-23 22:39:34.591376] INFO: jiekou: 当前模块 解析测试用例文件
[2019-07-23 22:39:34.591805] INFO: jiekou: 全部args参数参数信息 , ('/Users/lucky/Documents/GitHub/Test/Ec_Autotest/test_case_data/case.xlsx',)
[2019-07-23 22:39:34.592094] INFO: jiekou: 全部kwargs参数信息 , {}
[2019-07-23 22:39:34.655753] INFO: jiekou: 当前模块 解析测试用例文件
[2019-07-23 22:39:34.656192] INFO: jiekou: 全部args参数参数信息 , ('/Users/lucky/Documents/GitHub/Test/Ec_Autotest/test_case_data/case.xlsx',)
[2019-07-23 22:39:34.656707] INFO: jiekou: 全部kwargs参数信息 , {}
[2019-07-23 22:39:34.670601] INFO: jiekou: 当前模块 测试
[2019-07-23 22:39:34.671234] INFO: jiekou: 全部args参数参数信息 , ()
[2019-07-23 22:39:34.671658] INFO: jiekou: 全部kwargs参数信息 , {}
[2019-07-23 22:39:42.934432] INFO: jiekou: inputdata> 参数:type=1&loginBy=13426380559&password=123456&imgCode=&target=https%3A%2F%2Fwww.uat.art2print.cn&code=&mobile=, url:/api/user/login ,返回:{'code': 0, 'result': '{"redirect":"https://www.uat.art2print.cn"}'},预期:code=0
[2019-07-23 22:39:47.475295] INFO: jiekou: 当前模块 断言测试结果
[2019-07-23 22:39:47.475899] INFO: jiekou: 全部args参数参数信息 , ()
[2019-07-23 22:39:47.476786] INFO: jiekou: 全部kwargs参数信息 , {'asserqiwang': 'code=0', 'fanhuijson': {'code': 0, 'result': '{"redirect":"https://www.uat.art2print.cn"}'}}
[2019-07-23 22:39:58.447296] INFO: jiekou: inputdata> 参数:type=1&loginBy=13426380559&password=1234536&imgCode=&target=https%3A%2F%2Fwww.uat.art2print.cn&code=&mobile=, url:/api/user/login ,返回:{'code': 0, 'result': '密码不匹配'},预期:密码不匹配
[2019-07-23 22:40:08.237088] INFO: jiekou: 当前模块 断言测试结果
[2019-07-23 22:40:08.237480] INFO: jiekou: 全部args参数参数信息 , ()
[2019-07-23 22:40:08.237763] INFO: jiekou: 全部kwargs参数信息 , {'asserqiwang': '密码不匹配', 'fanhuijson': {'code': 0, 'result': '密码不匹配'}}
